[ INFO ]:2019-12-06 13:57:50 [main] DefaultTestContextBootstrapper: - Loaded default TestExecutionListener class names from location [META-INF/spring.factories]: [org.springframework.test.context.web.ServletTestExecutionListener, org.springframework.test.context.support.DirtiesContextBeforeModesTestExecutionListener, org.springframework.test.context.support.DependencyInjectionTestExecutionListener, org.springframework.test.context.support.DirtiesContextTestExecutionListener, org.springframework.test.context.transaction.TransactionalTestExecutionListener, org.springframework.test.context.jdbc.SqlScriptsTestExecutionListener, org.springframework.test.context.event.EventPublishingTestExecutionListener]
[ INFO ]:2019-12-06 13:57:50 [main] DefaultTestContextBootstrapper: - Using TestExecutionListeners: [org.springframework.test.context.support.DirtiesContextBeforeModesTestExecutionListener@1757cd72, org.springframework.test.context.support.DependencyInjectionTestExecutionListener@445b295b, org.springframework.test.context.support.DirtiesContextTestExecutionListener@49e5f737, org.springframework.test.context.transaction.TransactionalTestExecutionListener@5c671d7f, org.springframework.test.context.jdbc.SqlScriptsTestExecutionListener@757277dc, org.springframework.test.context.event.EventPublishingTestExecutionListener@687e99d8]
[ INFO ]:2019-12-06 13:57:51 [main] main: - StopWatch '': running time = 0 ns
---------------------------------------------
ns         %     Task name
---------------------------------------------

[ INFO ]:2019-12-06 13:57:51 [main] main: - StopWatch '': running time = 0 ns
---------------------------------------------
ns         %     Task name
---------------------------------------------

[ INFO ]:2019-12-06 13:58:31 [main] DefaultTestContextBootstrapper: - Loaded default TestExecutionListener class names from location [META-INF/spring.factories]: [org.springframework.test.context.web.ServletTestExecutionListener, org.springframework.test.context.support.DirtiesContextBeforeModesTestExecutionListener, org.springframework.test.context.support.DependencyInjectionTestExecutionListener, org.springframework.test.context.support.DirtiesContextTestExecutionListener, org.springframework.test.context.transaction.TransactionalTestExecutionListener, org.springframework.test.context.jdbc.SqlScriptsTestExecutionListener, org.springframework.test.context.event.EventPublishingTestExecutionListener]
[ INFO ]:2019-12-06 13:58:31 [main] DefaultTestContextBootstrapper: - Using TestExecutionListeners: [org.springframework.test.context.support.DirtiesContextBeforeModesTestExecutionListener@1757cd72, org.springframework.test.context.support.DependencyInjectionTestExecutionListener@445b295b, org.springframework.test.context.support.DirtiesContextTestExecutionListener@49e5f737, org.springframework.test.context.transaction.TransactionalTestExecutionListener@5c671d7f, org.springframework.test.context.jdbc.SqlScriptsTestExecutionListener@757277dc, org.springframework.test.context.event.EventPublishingTestExecutionListener@687e99d8]
[ INFO ]:2019-12-06 13:58:32 [main] main: - StopWatch '': running time = 81133396 ns
---------------------------------------------
ns         %     Task name
---------------------------------------------
081133396  100%  task1

[ INFO ]:2019-12-06 13:58:32 [main] main: - StopWatch '': running time = 109126783 ns
---------------------------------------------
ns         %     Task name
---------------------------------------------
109126783  100%  task1

[ INFO ]:2019-12-06 14:02:12 [main] DefaultTestContextBootstrapper: - Loaded default TestExecutionListener class names from location [META-INF/spring.factories]: [org.springframework.test.context.web.ServletTestExecutionListener, org.springframework.test.context.support.DirtiesContextBeforeModesTestExecutionListener, org.springframework.test.context.support.DependencyInjectionTestExecutionListener, org.springframework.test.context.support.DirtiesContextTestExecutionListener, org.springframework.test.context.transaction.TransactionalTestExecutionListener, org.springframework.test.context.jdbc.SqlScriptsTestExecutionListener, org.springframework.test.context.event.EventPublishingTestExecutionListener]
[ INFO ]:2019-12-06 14:02:12 [main] DefaultTestContextBootstrapper: - Using TestExecutionListeners: [org.springframework.test.context.support.DirtiesContextBeforeModesTestExecutionListener@1757cd72, org.springframework.test.context.support.DependencyInjectionTestExecutionListener@445b295b, org.springframework.test.context.support.DirtiesContextTestExecutionListener@49e5f737, org.springframework.test.context.transaction.TransactionalTestExecutionListener@5c671d7f, org.springframework.test.context.jdbc.SqlScriptsTestExecutionListener@757277dc, org.springframework.test.context.event.EventPublishingTestExecutionListener@687e99d8]
[ INFO ]:2019-12-06 14:02:14 [main] main: - Time Spent is: 475
[ INFO ]:2019-12-06 14:02:14 [main] main: - Time Spent is: 26
[ INFO ]:2019-12-06 14:02:34 [main] DefaultTestContextBootstrapper: - Loaded default TestExecutionListener class names from location [META-INF/spring.factories]: [org.springframework.test.context.web.ServletTestExecutionListener, org.springframework.test.context.support.DirtiesContextBeforeModesTestExecutionListener, org.springframework.test.context.support.DependencyInjectionTestExecutionListener, org.springframework.test.context.support.DirtiesContextTestExecutionListener, org.springframework.test.context.transaction.TransactionalTestExecutionListener, org.springframework.test.context.jdbc.SqlScriptsTestExecutionListener, org.springframework.test.context.event.EventPublishingTestExecutionListener]
[ INFO ]:2019-12-06 14:02:34 [main] DefaultTestContextBootstrapper: - Using TestExecutionListeners: [org.springframework.test.context.support.DirtiesContextBeforeModesTestExecutionListener@1757cd72, org.springframework.test.context.support.DependencyInjectionTestExecutionListener@445b295b, org.springframework.test.context.support.DirtiesContextTestExecutionListener@49e5f737, org.springframework.test.context.transaction.TransactionalTestExecutionListener@5c671d7f, org.springframework.test.context.jdbc.SqlScriptsTestExecutionListener@757277dc, org.springframework.test.context.event.EventPublishingTestExecutionListener@687e99d8]
[ INFO ]:2019-12-06 14:02:35 [main] main: - Time Spent is: 50 ms
[ INFO ]:2019-12-06 14:02:36 [main] main: - Time Spent is: 298 ms
